{"level":"warn","message":"Invalid routes: undefined"}
{"level":"warn","message":"Invalid routes: undefined"}
{"level":"warn","message":"Invalid routes: /info2"}
{"level":"warn","message":"Invalid routes: /info2methodGET"}
{"level":"warn","message":"Invalid routes: /info2methodGET"}
{"level":"warn","message":"Invalid routes: /pepemethodGET"}
{"level":"warn","message":"Invalid route: /pepe, Method: GET"}
{"level":"warn","message":"Invalid route: /favicon.ico, Method: GET"}
{"level":"warn","message":"Invalid route: /favicon.ico, Method: GET"}
{"level":"warn","message":"Invalid route: /failregister, Method: POST"}
{"level":"warn","message":"Invalid route: /avatar-1661367812746-212316152.png, Method: GET"}
{"level":"warn","message":"Invalid route: /storage//images//avatar-1661367812746-212316152.png, Method: GET"}
{"level":"warn","message":"Invalid route: /avatar-1661368169455-237660969.png, Method: GET"}
{"level":"warn","message":"Invalid route: /avatar-1661368290931-927744412.png, Method: GET"}
{"level":"warn","message":"Invalid route: /avatar-1661368621374-463748116.png, Method: GET"}
{"level":"warn","message":"Invalid route: /avatar-1661368621374-463748116, Method: GET"}
{"level":"warn","message":"Invalid route: /avatar-1661368621374-463748116, Method: GET"}
{"level":"warn","message":"Invalid route: /prfile, Method: GET"}
{"level":"warn","message":"Invalid route: /..., Method: GET"}
{"level":"warn","message":"Invalid route: /..., Method: GET"}
{"level":"warn","message":"Invalid route: /..., Method: GET"}
{"level":"warn","message":"Invalid route: /..., Method: GET"}
{"level":"warn","message":"Invalid route: /form/newproduct?admin=true, Method: POST"}
{"level":"warn","message":"Invalid route: /form/newproduct?admin=true, Method: POST"}
{"level":"warn","message":"Invalid route: /addproduct:REACT?, Method: GET"}
{"level":"warn","message":"Invalid route: /addproduct?, Method: GET"}
{"level":"warn","message":"Invalid route: /addproduct/REACT?, Method: GET"}
{"level":"warn","message":"Invalid route: /addproduct/REACT?, Method: GET"}
{"level":"warn","message":"Invalid route: /addproduct?, Method: GET"}
{"level":"warn","message":"Invalid route: /addproduct?, Method: GET"}
{"level":"warn","message":"Invalid route: /favicon.ico, Method: GET"}
{"level":"warn","message":"Invalid route: /favicon.ico, Method: GET"}
{"level":"warn","message":"Invalid route: /delete/VUEJS, Method: POST"}
{"level":"warn","message":"Invalid route: /delete/VUEJS, Method: POST"}
{"level":"warn","message":"Invalid route: /products, Method: GET"}
